Unity Editor version:    2021.2.14f1 (bcb93e5482d2)
Branch:                  2021.2/staging
Build type:              Release
Batch mode:              YES
macOS version:           Version 12.3 (Build 21E230)
Darwin version:          21.4.0
Architecture:            arm64
Running under Rosetta:   NO
Available memory:        16384 MB
Using pre-set license
Pro License: YES

COMMAND LINE ARGUMENTS:
/Applications/Unity/Hub/Editor/2021.2.14f1/Unity.app/Contents/MacOS/Unity
-adb2
-batchMode
-noUpm
-name
AssetImportWorker0
-projectPath
/Users/hanseong-il/GitHub/ToyStory/ToyStory
-logFile
Logs/AssetImportWorker0.log
-srvPort
49492
Successfully changed project path to: /Users/hanseong-il/GitHub/ToyStory/ToyStory
/Users/hanseong-il/GitHub/ToyStory/ToyStory
[UnityMemory] Configuration Parameters - Can be set up in boot.config
    "memorysetup-bucket-allocator-granularity=16"
    "memorysetup-bucket-allocator-bucket-count=8"
    "memorysetup-bucket-allocator-block-size=33554432"
    "memorysetup-bucket-allocator-block-count=8"
    "memorysetup-main-allocator-block-size=16777216"
    "memorysetup-thread-allocator-block-size=16777216"
    "memorysetup-gfx-main-allocator-block-size=16777216"
    "memorysetup-gfx-thread-allocator-block-size=16777216"
    "memorysetup-cache-allocator-block-size=4194304"
    "memorysetup-typetree-allocator-block-size=2097152"
    "memorysetup-profiler-bucket-allocator-granularity=16"
    "memorysetup-profiler-bucket-allocator-bucket-count=8"
    "memorysetup-profiler-bucket-allocator-block-size=33554432"
    "memorysetup-profiler-bucket-allocator-block-count=8"
    "memorysetup-profiler-allocator-block-size=16777216"
    "memorysetup-profiler-editor-allocator-block-size=1048576"
    "memorysetup-temp-allocator-size-main=16777216"
    "memorysetup-job-temp-allocator-block-size=2097152"
    "memorysetup-job-temp-allocator-block-size-background=1048576"
    "memorysetup-job-temp-allocator-reduction-small-platforms=262144"
    "memorysetup-temp-allocator-size-background-worker=32768"
    "memorysetup-temp-allocator-size-job-worker=262144"
    "memorysetup-temp-allocator-size-preload-manager=33554432"
    "memorysetup-temp-allocator-size-nav-mesh-worker=65536"
    "memorysetup-temp-allocator-size-audio-worker=65536"
    "memorysetup-temp-allocator-size-cloud-worker=32768"
    "memorysetup-temp-allocator-size-gi-baking-worker=262144"
    "memorysetup-temp-allocator-size-gfx=262144"
Refreshing native plugins compatible for Editor in 68.18 ms, found 2 plugins.
Preloading 0 native plugins for Editor in 0.00 ms.
Initialize engine version: 2021.2.14f1 (bcb93e5482d2)
[Subsystems] Discovering subsystems at path /Applications/Unity/Hub/Editor/2021.2.14f1/Unity.app/Contents/Resources/UnitySubsystems
[Subsystems] Discovering subsystems at path /Users/hanseong-il/GitHub/ToyStory/ToyStory/Assets
GfxDevice: creating device client; threaded=0; jobified=0
 preferred device: Apple M1 (high power)
Metal devices available: 1
0: Apple M1 (high power)
Using device Apple M1 (high power)
Initializing Metal device caps: Apple M1
Initialize mono
Mono path[0] = '/Applications/Unity/Hub/Editor/2021.2.14f1/Unity.app/Contents/Managed'
Mono path[1] = '/Applications/Unity/Hub/Editor/2021.2.14f1/Unity.app/Contents/MonoBleedingEdge/lib/mono/unityjit-macos'
Mono config path = '/Applications/Unity/Hub/Editor/2021.2.14f1/Unity.app/Contents/MonoBleedingEdge/etc'
Using monoOptions --debugger-agent=transport=dt_socket,embedding=1,server=y,suspend=n,address=127.0.0.1:56492
Begin MonoManager ReloadAssembly
Registering precompiled unity dll's ...
Register platform support module: /Applications/Unity/Hub/Editor/2021.2.14f1/PlaybackEngines/WebGLSupport/UnityEditor.WebGL.Extensions.dll
Register platform support module: /Applications/Unity/Hub/Editor/2021.2.14f1/Unity.app/Contents/PlaybackEngines/MacStandaloneSupport/UnityEditor.OSXStandalone.Extensions.dll
Register platform support module: /Applications/Unity/Hub/Editor/2021.2.14f1/PlaybackEngines/WindowsStandaloneSupport/UnityEditor.WindowsStandalone.Extensions.dll
Registered in 0.000512 seconds.
Native extension for WindowsStandalone target not found
Native extension for OSXStandalone target not found
Native extension for WebGL target not found
Refreshing native plugins compatible for Editor in 65.22 ms, found 2 plugins.
Preloading 0 native plugins for Editor in 0.00 ms.
Mono: successfully reloaded assembly
- Completed reload, in  0.361 seconds
Domain Reload Profiling:
	ReloadAssembly (361ms)
		BeginReloadAssembly (30ms)
			ExecutionOrderSort (0ms)
			DisableScriptedObjects (0ms)
			BackupInstance (0ms)
			ReleaseScriptingObjects (0ms)
			CreateAndSetChildDomain (0ms)
		EndReloadAssembly (270ms)
			LoadAssemblies (30ms)
			RebuildTransferFunctionScriptingTraits (0ms)
			SetupTypeCache (64ms)
			ReleaseScriptCaches (0ms)
			RebuildScriptCaches (18ms)
			SetupLoadedEditorAssemblies (163ms)
				LogAssemblyErrors (0ms)
				InitializePlatformSupportModulesInManaged (4ms)
				SetLoadedEditorAssemblies (0ms)
				RefreshPlugins (65ms)
				BeforeProcessingInitializeOnLoad (1ms)
				ProcessInitializeOnLoadAttributes (71ms)
				ProcessInitializeOnLoadMethodAttributes (22ms)
				AfterProcessingInitializeOnLoad (0ms)
				EditorAssembliesLoaded (0ms)
			ExecutionOrderSort2 (0ms)
			AwakeInstancesAfterBackupRestoration (0ms)
Platform modules already initialized, skipping
Registering precompiled user dll's ...
Registered in 0.000859 seconds.
Begin MonoManager ReloadAssembly
Symbol file LoadedFromMemory doesn't match image /Users/hanseong-il/GitHub/ToyStory/ToyStory/Library/PackageCache/com.unity.visualscripting@1.7.6/Editor/VisualScripting.Core/Dependencies/YamlDotNet/Unity.VisualScripting.YamlDotNet.dll
Symbol file LoadedFromMemory doesn't match image /Users/hanseong-il/GitHub/ToyStory/ToyStory/Library/PackageCache/com.unity.visualscripting@1.7.6/Editor/VisualScripting.Core/Dependencies/DotNetZip/Unity.VisualScripting.IonicZip.dll
Native extension for WindowsStandalone target not found
Native extension for OSXStandalone target not found
Native extension for WebGL target not found
Refreshing native plugins compatible for Editor in 0.35 ms, found 2 plugins.
Preloading 0 native plugins for Editor in 0.00 ms.
Mono: successfully reloaded assembly
- Completed reload, in  0.532 seconds
Domain Reload Profiling:
	ReloadAssembly (532ms)
		BeginReloadAssembly (49ms)
			ExecutionOrderSort (0ms)
			DisableScriptedObjects (3ms)
			BackupInstance (0ms)
			ReleaseScriptingObjects (0ms)
			CreateAndSetChildDomain (11ms)
		EndReloadAssembly (420ms)
			LoadAssemblies (32ms)
			RebuildTransferFunctionScriptingTraits (0ms)
			SetupTypeCache (148ms)
			ReleaseScriptCaches (0ms)
			RebuildScriptCaches (30ms)
			SetupLoadedEditorAssemblies (184ms)
				LogAssemblyErrors (0ms)
				InitializePlatformSupportModulesInManaged (3ms)
				SetLoadedEditorAssemblies (0ms)
				RefreshPlugins (0ms)
				BeforeProcessingInitializeOnLoad (50ms)
				ProcessInitializeOnLoadAttributes (119ms)
				ProcessInitializeOnLoadMethodAttributes (11ms)
				AfterProcessingInitializeOnLoad (1ms)
				EditorAssembliesLoaded (0ms)
			ExecutionOrderSort2 (0ms)
			AwakeInstancesAfterBackupRestoration (2ms)
Platform modules already initialized, skipping
========================================================================
Worker process is ready to serve import requests
Failed to load shader (instanceID 402, GUID 23909667c68d42d438b2d58d160c6cd9)
Launching external process: /Applications/Unity/Hub/Editor/2021.2.14f1/Unity.app/Contents/Tools/UnityShaderCompiler
Launched and connected shader compiler UnityShaderCompiler after 0.04 seconds
Refreshing native plugins compatible for Editor in 0.34 ms, found 2 plugins.
Preloading 0 native plugins for Editor in 0.00 ms.
Unloading 3225 Unused Serialized files (Serialized files now loaded: 0)
Unloading 22 unused Assets / (72.7 KB). Loaded Objects now: 3691.
Memory consumption went from 221.5 MB to 221.4 MB.
Total: 2.151458 ms (FindLiveObjects: 0.105958 ms CreateObjectMapping: 0.035959 ms MarkObjects: 1.950000 ms  DeleteObjects: 0.058875 ms)

AssetImportParameters requested are different than current active one (requested -> active):
  custom:video-decoder-ogg-theora: a1e56fd34408186e4bbccfd4996cb3dc -> 
  custom:container-muxer-webm: aa71ff27fc2769a1b78a27578f13a17b -> 
  custom:container-demuxer-webm: 4f35f7cbe854078d1ac9338744f61a02 -> 
  custom:video-encoder-webm-vp8: eb34c28f22e8b96e1ab97ce403110664 -> 
  custom:framework-osx-AVFoundation: e770b220cccbd017edd2c1fefb359320 -> 
  custom:audio-encoder-webm-vorbis: bf7c407c2cedff20999df2af8eb42d56 -> 
  custom:container-demuxer-ogg: 62fdf1f143b41e24485cea50d1cbac27 -> 
  custom:video-decoder-webm-vp8: 9c59270c3fd7afecdb556c50c9e8de78 -> 
  custom:audio-decoder-ogg-vorbis: bf7c407c2cedff20999df2af8eb42d56 -> 
========================================================================
Received Import Request.
  Time since last request: 995.823923 seconds.
  path: Assets/7_Prefabs/UIButton.prefab
  artifactKey: Guid(a1f18136b286c4f0e90b8c3450f63d8d) Importer(815301076,1909f56bfc062723c751e8b465ee728b)
Start importing Assets/7_Prefabs/UIButton.prefab using Guid(a1f18136b286c4f0e90b8c3450f63d8d) Importer(815301076,1909f56bfc062723c751e8b465ee728b)  -> (artifact id: 'febfec4c5f3a63c456c27f2b876cc4c8') in 0.377342 seconds 
========================================================================
Received Import Request.
  Time since last request: 2.913698 seconds.
  path: Assets/6_Sprite/jinsol-choi-4.jpg
  artifactKey: Guid(690497cc9ae8e4519933f5d0e62466ae) Importer(815301076,1909f56bfc062723c751e8b465ee728b)
Start importing Assets/6_Sprite/jinsol-choi-4.jpg using Guid(690497cc9ae8e4519933f5d0e62466ae) Importer(815301076,1909f56bfc062723c751e8b465ee728b)  -> (artifact id: '728d8633c8b8e0346e3df154922899d8') in 0.488147 seconds 
========================================================================
Received Import Request.
  Time since last request: 0.000042 seconds.
  path: Assets/6_Sprite/Sample_Logo.png
  artifactKey: Guid(73b6f37128903477482c157153d2d21c) Importer(815301076,1909f56bfc062723c751e8b465ee728b)
Start importing Assets/6_Sprite/Sample_Logo.png using Guid(73b6f37128903477482c157153d2d21c) Importer(815301076,1909f56bfc062723c751e8b465ee728b)  -> (artifact id: '21fe19a04a70a8f9fb1abbdf5477876e') in 0.290827 seconds 
========================================================================
Received Import Request.
  Time since last request: 0.000059 seconds.
  path: Assets/6_Sprite/M00006689012_104339.jpg
  artifactKey: Guid(99d457d760f054f01a9f686be908e395) Importer(815301076,1909f56bfc062723c751e8b465ee728b)
Start importing Assets/6_Sprite/M00006689012_104339.jpg using Guid(99d457d760f054f01a9f686be908e395) Importer(815301076,1909f56bfc062723c751e8b465ee728b)  -> (artifact id: '1546486a8eb91cd18a1d269329b15f24') in 0.031931 seconds 
========================================================================
Received Import Request.
  Time since last request: 1.408077 seconds.
  path: Assets/6_Sprite/Fonts
  artifactKey: Guid(8c2f9f47fc5994507926c7a823dcb9ba) Importer(815301076,1909f56bfc062723c751e8b465ee728b)
Start importing Assets/6_Sprite/Fonts using Guid(8c2f9f47fc5994507926c7a823dcb9ba) Importer(815301076,1909f56bfc062723c751e8b465ee728b)  -> (artifact id: '9396d5eb5dbd5303198283b3b73a0ed8') in 0.000830 seconds 
========================================================================
Received Import Request.
  Time since last request: 0.025511 seconds.
  path: Assets/6_Sprite/Fonts/CookieRun Black.ttf
  artifactKey: Guid(1fd6dcd5e7bd14adb8c7e6a3df189419) Importer(815301076,1909f56bfc062723c751e8b465ee728b)
Start importing Assets/6_Sprite/Fonts/CookieRun Black.ttf using Guid(1fd6dcd5e7bd14adb8c7e6a3df189419) Importer(815301076,1909f56bfc062723c751e8b465ee728b)  -> (artifact id: '7b712002af94f19ca097fabde5f15eb6') in 0.689378 seconds 
========================================================================
Received Import Request.
  Time since last request: 0.000043 seconds.
  path: Assets/6_Sprite/Fonts/CookieRun Regular.ttf
  artifactKey: Guid(0606d84997371411b98537b69c7b726c) Importer(815301076,1909f56bfc062723c751e8b465ee728b)
Start importing Assets/6_Sprite/Fonts/CookieRun Regular.ttf using Guid(0606d84997371411b98537b69c7b726c) Importer(815301076,1909f56bfc062723c751e8b465ee728b)  -> (artifact id: '23db75ee3aa02d44123065ca5d3fce33') in 0.006924 seconds 
========================================================================
Received Import Request.
  Time since last request: 0.000033 seconds.
  path: Assets/6_Sprite/Fonts/CookieRun Bold.ttf
  artifactKey: Guid(c927f63ee9c464fbca09bef8d028cc8d) Importer(815301076,1909f56bfc062723c751e8b465ee728b)
Start importing Assets/6_Sprite/Fonts/CookieRun Bold.ttf using Guid(c927f63ee9c464fbca09bef8d028cc8d) Importer(815301076,1909f56bfc062723c751e8b465ee728b)  -> (artifact id: 'a7b6699fc66af1971bda05b1fff68f5e') in 0.006689 seconds 
========================================================================
Received Import Request.
  Time since last request: 17.469617 seconds.
  path: Assets/1_Scenes/SampleScene.unity
  artifactKey: Guid(9fc0d4010bbf28b4594072e72b8655ab) Importer(815301076,1909f56bfc062723c751e8b465ee728b)
Start importing Assets/1_Scenes/SampleScene.unity using Guid(9fc0d4010bbf28b4594072e72b8655ab) Importer(815301076,1909f56bfc062723c751e8b465ee728b)  -> (artifact id: '7a37daec213dbbce7d4c5f5f26239d55') in 0.001112 seconds 
========================================================================
Received Import Request.
  Time since last request: 6.758308 seconds.
  path: Assets/1_Scenes/InGame.unity
  artifactKey: Guid(6b7362f66121c9548a76dd704769e98e) Importer(815301076,1909f56bfc062723c751e8b465ee728b)
Start importing Assets/1_Scenes/InGame.unity using Guid(6b7362f66121c9548a76dd704769e98e) Importer(815301076,1909f56bfc062723c751e8b465ee728b)  -> (artifact id: '4b8f5836ccea63bd6e0fcda40b303eb2') in 0.001153 seconds 
========================================================================
Received Prepare
Registering precompiled user dll's ...
Registered in 0.000839 seconds.
Begin MonoManager ReloadAssembly
Thread 0x17f697000 may have been prematurely finalized
Symbol file LoadedFromMemory doesn't match image /Users/hanseong-il/GitHub/ToyStory/ToyStory/Library/PackageCache/com.unity.visualscripting@1.7.6/Editor/VisualScripting.Core/Dependencies/YamlDotNet/Unity.VisualScripting.YamlDotNet.dll
Symbol file LoadedFromMemory doesn't match image /Users/hanseong-il/GitHub/ToyStory/ToyStory/Library/PackageCache/com.unity.visualscripting@1.7.6/Editor/VisualScripting.Core/Dependencies/DotNetZip/Unity.VisualScripting.IonicZip.dll
Native extension for WindowsStandalone target not found
Native extension for OSXStandalone target not found
Native extension for WebGL target not found
Refreshing native plugins compatible for Editor in 0.34 ms, found 2 plugins.
Preloading 0 native plugins for Editor in 0.00 ms.
Mono: successfully reloaded assembly
- Completed reload, in  0.512 seconds
Domain Reload Profiling:
	ReloadAssembly (512ms)
		BeginReloadAssembly (67ms)
			ExecutionOrderSort (0ms)
			DisableScriptedObjects (2ms)
			BackupInstance (0ms)
			ReleaseScriptingObjects (0ms)
			CreateAndSetChildDomain (20ms)
		EndReloadAssembly (392ms)
			LoadAssemblies (28ms)
			RebuildTransferFunctionScriptingTraits (0ms)
			SetupTypeCache (151ms)
			ReleaseScriptCaches (1ms)
			RebuildScriptCaches (25ms)
			SetupLoadedEditorAssemblies (159ms)
				LogAssemblyErrors (0ms)
				InitializePlatformSupportModulesInManaged (5ms)
				SetLoadedEditorAssemblies (0ms)
				RefreshPlugins (0ms)
				BeforeProcessingInitializeOnLoad (36ms)
				ProcessInitializeOnLoadAttributes (106ms)
				ProcessInitializeOnLoadMethodAttributes (11ms)
				AfterProcessingInitializeOnLoad (1ms)
				EditorAssembliesLoaded (0ms)
			ExecutionOrderSort2 (0ms)
			AwakeInstancesAfterBackupRestoration (3ms)
Platform modules already initialized, skipping
Failed to load shader (instanceID 402, GUID 23909667c68d42d438b2d58d160c6cd9)
Refreshing native plugins compatible for Editor in 0.52 ms, found 2 plugins.
Preloading 0 native plugins for Editor in 0.00 ms.
Unloading 3219 Unused Serialized files (Serialized files now loaded: 0)
Unloading 17 unused Assets / (73.3 KB). Loaded Objects now: 3746.
Memory consumption went from 243.1 MB to 243.0 MB.
Total: 1.918875 ms (FindLiveObjects: 0.105125 ms CreateObjectMapping: 0.035625 ms MarkObjects: 1.713416 ms  DeleteObjects: 0.063917 ms)

AssetImportParameters requested are different than current active one (requested -> active):
  custom:video-decoder-ogg-theora: a1e56fd34408186e4bbccfd4996cb3dc -> 
  custom:container-muxer-webm: aa71ff27fc2769a1b78a27578f13a17b -> 
  custom:container-demuxer-webm: 4f35f7cbe854078d1ac9338744f61a02 -> 
  custom:video-encoder-webm-vp8: eb34c28f22e8b96e1ab97ce403110664 -> 
  custom:framework-osx-AVFoundation: e770b220cccbd017edd2c1fefb359320 -> 
  custom:audio-encoder-webm-vorbis: bf7c407c2cedff20999df2af8eb42d56 -> 
  custom:container-demuxer-ogg: 62fdf1f143b41e24485cea50d1cbac27 -> 
  custom:video-decoder-webm-vp8: 9c59270c3fd7afecdb556c50c9e8de78 -> 
  custom:audio-decoder-ogg-vorbis: bf7c407c2cedff20999df2af8eb42d56 -> 
========================================================================
Received Import Request.
  Time since last request: 82.781022 seconds.
  path: Assets/4_Material/floor 1.mat
  artifactKey: Guid(a7576cf67cc2242cc84935dfada2c029) Importer(815301076,1909f56bfc062723c751e8b465ee728b)
Start importing Assets/4_Material/floor 1.mat using Guid(a7576cf67cc2242cc84935dfada2c029) Importer(815301076,1909f56bfc062723c751e8b465ee728b)  -> (artifact id: 'd92e04cb6cde326c3fef652b7ee6b1de') in 0.093650 seconds 
========================================================================
Received Import Request.
  Time since last request: 0.000043 seconds.
  path: Assets/4_Material/New Material.mat
  artifactKey: Guid(4b39fd4e0c74e4034874b71343635454) Importer(815301076,1909f56bfc062723c751e8b465ee728b)
Start importing Assets/4_Material/New Material.mat using Guid(4b39fd4e0c74e4034874b71343635454) Importer(815301076,1909f56bfc062723c751e8b465ee728b)  -> (artifact id: '9080eb53429ebf6386fb05574a9e6064') in 0.005309 seconds 
========================================================================
Received Import Request.
  Time since last request: 0.000045 seconds.
  path: Assets/4_Material/floor.mat
  artifactKey: Guid(66b19f28697964818a38ff48e55061ae) Importer(815301076,1909f56bfc062723c751e8b465ee728b)
Start importing Assets/4_Material/floor.mat using Guid(66b19f28697964818a38ff48e55061ae) Importer(815301076,1909f56bfc062723c751e8b465ee728b)  -> (artifact id: 'e4288e2c06e2217b0fe08c9d9e66bc25') in 0.006429 seconds 
========================================================================
Received Prepare
Registering precompiled user dll's ...
Registered in 0.000843 seconds.
Begin MonoManager ReloadAssembly
Thread 0x17cd47000 may have been prematurely finalized
Symbol file LoadedFromMemory doesn't match image /Users/hanseong-il/GitHub/ToyStory/ToyStory/Library/PackageCache/com.unity.visualscripting@1.7.6/Editor/VisualScripting.Core/Dependencies/YamlDotNet/Unity.VisualScripting.YamlDotNet.dll
Symbol file LoadedFromMemory doesn't match image /Users/hanseong-il/GitHub/ToyStory/ToyStory/Library/PackageCache/com.unity.visualscripting@1.7.6/Editor/VisualScripting.Core/Dependencies/DotNetZip/Unity.VisualScripting.IonicZip.dll
Native extension for WindowsStandalone target not found
Native extension for OSXStandalone target not found
Native extension for WebGL target not found
Refreshing native plugins compatible for Editor in 0.54 ms, found 2 plugins.
Preloading 0 native plugins for Editor in 0.00 ms.
Mono: successfully reloaded assembly
- Completed reload, in  0.510 seconds
Domain Reload Profiling:
	ReloadAssembly (511ms)
		BeginReloadAssembly (66ms)
			ExecutionOrderSort (0ms)
			DisableScriptedObjects (2ms)
			BackupInstance (0ms)
			ReleaseScriptingObjects (0ms)
			CreateAndSetChildDomain (20ms)
		EndReloadAssembly (390ms)
			LoadAssemblies (27ms)
			RebuildTransferFunctionScriptingTraits (0ms)
			SetupTypeCache (153ms)
			ReleaseScriptCaches (1ms)
			RebuildScriptCaches (25ms)
			SetupLoadedEditorAssemblies (159ms)
				LogAssemblyErrors (0ms)
				InitializePlatformSupportModulesInManaged (5ms)
				SetLoadedEditorAssemblies (0ms)
				RefreshPlugins (1ms)
				BeforeProcessingInitializeOnLoad (36ms)
				ProcessInitializeOnLoadAttributes (105ms)
				ProcessInitializeOnLoadMethodAttributes (12ms)
				AfterProcessingInitializeOnLoad (1ms)
				EditorAssembliesLoaded (0ms)
			ExecutionOrderSort2 (0ms)
			AwakeInstancesAfterBackupRestoration (2ms)
Platform modules already initialized, skipping
Failed to load shader (instanceID 402, GUID 23909667c68d42d438b2d58d160c6cd9)
Refreshing native plugins compatible for Editor in 0.78 ms, found 2 plugins.
Preloading 0 native plugins for Editor in 0.00 ms.
Unloading 3219 Unused Serialized files (Serialized files now loaded: 0)
Unloading 16 unused Assets / (72.6 KB). Loaded Objects now: 3748.
Memory consumption went from 247.4 MB to 247.3 MB.
Total: 1.896833 ms (FindLiveObjects: 0.100500 ms CreateObjectMapping: 0.036542 ms MarkObjects: 1.700125 ms  DeleteObjects: 0.059041 ms)

AssetImportParameters requested are different than current active one (requested -> active):
  custom:video-decoder-ogg-theora: a1e56fd34408186e4bbccfd4996cb3dc -> 
  custom:container-muxer-webm: aa71ff27fc2769a1b78a27578f13a17b -> 
  custom:container-demuxer-webm: 4f35f7cbe854078d1ac9338744f61a02 -> 
  custom:video-encoder-webm-vp8: eb34c28f22e8b96e1ab97ce403110664 -> 
  custom:framework-osx-AVFoundation: e770b220cccbd017edd2c1fefb359320 -> 
  custom:audio-encoder-webm-vorbis: bf7c407c2cedff20999df2af8eb42d56 -> 
  custom:container-demuxer-ogg: 62fdf1f143b41e24485cea50d1cbac27 -> 
  custom:video-decoder-webm-vp8: 9c59270c3fd7afecdb556c50c9e8de78 -> 
  custom:audio-decoder-ogg-vorbis: bf7c407c2cedff20999df2af8eb42d56 -> 
